<?xml version="1.0" encoding="UTF-8"?>
<!-- Generated by org.testng.reporters.JUnitXMLReporter -->
<testsuite hostname="Medweb-QSG" name="Testfirefox" tests="2" failures="0" timestamp="30 Mar 2017 10:02:10 GMT" time="52.348" errors="0">
  <testcase name="@BeforeClass openBrowser" time="0.0" classname="requirement.CreatePlanDesign">
    <failure type="org.openqa.selenium.WebDriverException" message="Failed to connect to binary FirefoxBinary(C:\Program Files (x86)\Mozilla Firefox\firefox.exe) on port 7055; process output follows: 
:null,&amp;quot;updateKey&amp;quot;:null,&amp;quot;optionsURL&amp;quot;:null,&amp;quot;optionsType&amp;quot;:null,&amp;quot;aboutURL&amp;quot;:null,&amp;quot;icons&amp;quot;:{&amp;quot;32&amp;quot;:&amp;quot;icon.png&amp;quot;,&amp;quot;48&amp;quot;:&amp;quot;icon.png&amp;quot;},&amp;quot;iconURL&amp;quot;:null,&amp;quot;icon64URL&amp;quot;:null,&amp;quot;defaultLocale&amp;quot;:{&amp;quot;name&amp;quot;:&amp;quot;Default&amp;quot;,&amp;quot;description&amp;quot;:&amp;quot;The default theme.&amp;quot;,&amp;quot;creator&amp;quot;:&amp;quot;Mozilla&amp;quot;,&amp;quot;homepageURL&amp;quot;:null,&amp;quot;contributors&amp;quot;:[&amp;quot;Mozilla Contributors&amp;quot;]},&amp;quot;visible&amp;quot;:true,&amp;quot;active&amp;quot;:true,&amp;quot;userDisabled&amp;quot;:false,&amp;quot;appDisabled&amp;quot;:false,&amp;quot;descriptor&amp;quot;:&amp;quot;C:\\Program Files (x86)\\Mozilla Firefox\\browser\\extensions\\{972ce4c6-7e08-4474-a285-3208198ce6fd}.xpi&amp;quot;,&amp;quot;installDate&amp;quot;:1461279552000,&amp;quot;updateDate&amp;quot;:1461279552000,&amp;quot;applyBackgroundUpdates&amp;quot;:1,&amp;quot;skinnable&amp;quot;:true,&amp;quot;size&amp;quot;:22006,&amp;quot;sourceURI&amp;quot;:null,&amp;quot;releaseNotesURI&amp;quot;:null,&amp;quot;softDisabled&amp;quot;:false,&amp;quot;foreignInstall&amp;quot;:false,&amp;quot;hasBinaryComponents&amp;quot;:false,&amp;quot;strictCompatibility&amp;quot;:true,&amp;quot;locales&amp;quot;:[],&amp;quot;targetApplications&amp;quot;:[{&amp;quot;id&amp;quot;:&amp;quot;{ec8030f7-c20a-464f-9b0e-13a3a9e97384}&amp;quot;,&amp;quot;minVersion&amp;quot;:&amp;quot;46.0&amp;quot;,&amp;quot;maxVersion&amp;quot;:&amp;quot;46.0&amp;quot;}],&amp;quot;targetPlatforms&amp;quot;:[],&amp;quot;seen&amp;quot;:true}
1490868094439	addons.xpi	DEBUG	getModTime: Recursive scan of {972ce4c6-7e08-4474-a285-3208198ce6fd}
1490868094440	DeferredSave.extensions.json	DEBUG	Save changes
1490868094440	addons.xpi	DEBUG	Updating database with changes to installed add-ons
1490868094440	addons.xpi-utils	DEBUG	Updating add-on states
1490868094441	addons.xpi-utils	DEBUG	Writing add-ons list
1490868094447	addons.xpi	DEBUG	Registering manifest for C:\Program Files (x86)\Mozilla Firefox\browser\features\e10srollout@mozilla.org.xpi
1490868094448	addons.xpi	DEBUG	Calling bootstrap method startup on e10srollout@mozilla.org version 1.0
1490868094448	addons.xpi	DEBUG	Registering manifest for C:\Program Files (x86)\Mozilla Firefox\browser\features\firefox@getpocket.com.xpi
1490868094449	addons.xpi	DEBUG	Calling bootstrap method startup on firefox@getpocket.com version 1.0
1490868094450	addons.xpi	DEBUG	Registering manifest for C:\Program Files (x86)\Mozilla Firefox\browser\features\loop@mozilla.org.xpi
1490868094451	addons.xpi	DEBUG	Calling bootstrap method startup on loop@mozilla.org version 1.2.6
1490868094475	addons.manager	DEBUG	Registering shutdown blocker for XPIProvider
1490868094475	addons.manager	DEBUG	Provider finished startup: XPIProvider
1490868094475	addons.manager	DEBUG	Starting provider: LightweightThemeManager
1490868094475	addons.manager	DEBUG	Registering shutdown blocker for LightweightThemeManager
1490868094476	addons.manager	DEBUG	Provider finished startup: LightweightThemeManager
1490868094476	addons.manager	DEBUG	Starting provider: GMPProvider
1490868094483	addons.manager	DEBUG	Registering shutdown blocker for GMPProvider
1490868094484	addons.manager	DEBUG	Provider finished startup: GMPProvider
1490868094484	addons.manager	DEBUG	Starting provider: PluginProvider
1490868094484	addons.manager	DEBUG	Registering shutdown blocker for PluginProvider
1490868094484	addons.manager	DEBUG	Provider finished startup: PluginProvider
1490868094485	addons.manager	DEBUG	Completed startup sequence
1490868099009	addons.manager	DEBUG	Starting provider: &amp;lt;unnamed-provider&amp;gt;
1490868099009	addons.manager	DEBUG	Registering shutdown blocker for &amp;lt;unnamed-provider&amp;gt;
1490868099010	addons.manager	DEBUG	Provider finished startup: &amp;lt;unnamed-provider&amp;gt;
1490868099676	DeferredSave.extensions.json	DEBUG	Write succeeded
1490868099676	addons.xpi-utils	DEBUG	XPI Database saved, setting schema version preference to 17
1490868099676	DeferredSave.extensions.json	DEBUG	Starting timer
1490868099697	DeferredSave.extensions.json	DEBUG	Starting write
1490868104099	addons.repository	DEBUG	No addons.json found.
1490868104100	DeferredSave.addons.json	DEBUG	Save changes
1490868104124	DeferredSave.addons.json	DEBUG	Starting timer
1490868104592	addons.manager	DEBUG	Starting provider: PreviousExperimentProvider
1490868104593	addons.manager	DEBUG	Registering shutdown blocker for PreviousExperimentProvider
1490868104593	addons.manager	DEBUG	Provider finished startup: PreviousExperimentProvider
1490868104628	DeferredSave.addons.json	DEBUG	Starting write
1490868104946	DeferredSave.extensions.json	DEBUG	Write succeeded
1490868104983	DeferredSave.addons.json	DEBUG	Write succeeded

Build info: version: &amp;apos;2.48.2&amp;apos;, revision: &amp;apos;41bccdd10cf2c0560f637404c2d96164b67d9d67&amp;apos;, time: &amp;apos;2015-10-09 13:08:06&amp;apos;
System info: host: &amp;apos;Medweb-QSG&amp;apos;, ip: &amp;apos;192.168.25.104&amp;apos;, os.name: &amp;apos;Windows 10&amp;apos;, os.arch: &amp;apos;amd64&amp;apos;, os.version: &amp;apos;10.0&amp;apos;, java.version: &amp;apos;1.8.0_121&amp;apos;
Driver info: driver.version: FirefoxDriver">
      <![CDATA[org.openqa.selenium.WebDriverException: Failed to connect to binary FirefoxBinary(C:\Program Files (x86)\Mozilla Firefox\firefox.exe) on port 7055; process output follows: 
:null,"updateKey":null,"optionsURL":null,"optionsType":null,"aboutURL":null,"icons":{"32":"icon.png","48":"icon.png"},"iconURL":null,"icon64URL":null,"defaultLocale":{"name":"Default","description":"The default theme.","creator":"Mozilla","homepageURL":null,"contributors":["Mozilla Contributors"]},"visible":true,"active":true,"userDisabled":false,"appDisabled":false,"descriptor":"C:\\Program Files (x86)\\Mozilla Firefox\\browser\\extensions\\{972ce4c6-7e08-4474-a285-3208198ce6fd}.xpi","installDate":1461279552000,"updateDate":1461279552000,"applyBackgroundUpdates":1,"skinnable":true,"size":22006,"sourceURI":null,"releaseNotesURI":null,"softDisabled":false,"foreignInstall":false,"hasBinaryComponents":false,"strictCompatibility":true,"locales":[],"targetApplications":[{"id":"{ec8030f7-c20a-464f-9b0e-13a3a9e97384}","minVersion":"46.0","maxVersion":"46.0"}],"targetPlatforms":[],"seen":true}
1490868094439	addons.xpi	DEBUG	getModTime: Recursive scan of {972ce4c6-7e08-4474-a285-3208198ce6fd}
1490868094440	DeferredSave.extensions.json	DEBUG	Save changes
1490868094440	addons.xpi	DEBUG	Updating database with changes to installed add-ons
1490868094440	addons.xpi-utils	DEBUG	Updating add-on states
1490868094441	addons.xpi-utils	DEBUG	Writing add-ons list
1490868094447	addons.xpi	DEBUG	Registering manifest for C:\Program Files (x86)\Mozilla Firefox\browser\features\e10srollout@mozilla.org.xpi
1490868094448	addons.xpi	DEBUG	Calling bootstrap method startup on e10srollout@mozilla.org version 1.0
1490868094448	addons.xpi	DEBUG	Registering manifest for C:\Program Files (x86)\Mozilla Firefox\browser\features\firefox@getpocket.com.xpi
1490868094449	addons.xpi	DEBUG	Calling bootstrap method startup on firefox@getpocket.com version 1.0
1490868094450	addons.xpi	DEBUG	Registering manifest for C:\Program Files (x86)\Mozilla Firefox\browser\features\loop@mozilla.org.xpi
1490868094451	addons.xpi	DEBUG	Calling bootstrap method startup on loop@mozilla.org version 1.2.6
1490868094475	addons.manager	DEBUG	Registering shutdown blocker for XPIProvider
1490868094475	addons.manager	DEBUG	Provider finished startup: XPIProvider
1490868094475	addons.manager	DEBUG	Starting provider: LightweightThemeManager
1490868094475	addons.manager	DEBUG	Registering shutdown blocker for LightweightThemeManager
1490868094476	addons.manager	DEBUG	Provider finished startup: LightweightThemeManager
1490868094476	addons.manager	DEBUG	Starting provider: GMPProvider
1490868094483	addons.manager	DEBUG	Registering shutdown blocker for GMPProvider
1490868094484	addons.manager	DEBUG	Provider finished startup: GMPProvider
1490868094484	addons.manager	DEBUG	Starting provider: PluginProvider
1490868094484	addons.manager	DEBUG	Registering shutdown blocker for PluginProvider
1490868094484	addons.manager	DEBUG	Provider finished startup: PluginProvider
1490868094485	addons.manager	DEBUG	Completed startup sequence
1490868099009	addons.manager	DEBUG	Starting provider: <unnamed-provider>
1490868099009	addons.manager	DEBUG	Registering shutdown blocker for <unnamed-provider>
1490868099010	addons.manager	DEBUG	Provider finished startup: <unnamed-provider>
1490868099676	DeferredSave.extensions.json	DEBUG	Write succeeded
1490868099676	addons.xpi-utils	DEBUG	XPI Database saved, setting schema version preference to 17
1490868099676	DeferredSave.extensions.json	DEBUG	Starting timer
1490868099697	DeferredSave.extensions.json	DEBUG	Starting write
1490868104099	addons.repository	DEBUG	No addons.json found.
1490868104100	DeferredSave.addons.json	DEBUG	Save changes
1490868104124	DeferredSave.addons.json	DEBUG	Starting timer
1490868104592	addons.manager	DEBUG	Starting provider: PreviousExperimentProvider
1490868104593	addons.manager	DEBUG	Registering shutdown blocker for PreviousExperimentProvider
1490868104593	addons.manager	DEBUG	Provider finished startup: PreviousExperimentProvider
1490868104628	DeferredSave.addons.json	DEBUG	Starting write
1490868104946	DeferredSave.extensions.json	DEBUG	Write succeeded
1490868104983	DeferredSave.addons.json	DEBUG	Write succeeded

Build info: version: '2.48.2', revision: '41bccdd10cf2c0560f637404c2d96164b67d9d67', time: '2015-10-09 13:08:06'
System info: host: 'Medweb-QSG', ip: '192.168.25.104', os.name: 'Windows 10', os.arch: 'amd64', os.version: '10.0', java.version: '1.8.0_121'
Driver info: driver.version: FirefoxDriver
	at org.openqa.selenium.firefox.internal.NewProfileExtensionConnection.start(NewProfileExtensionConnection.java:135)
	at org.openqa.selenium.firefox.FirefoxDriver.startClient(FirefoxDriver.java:271)
	at org.openqa.selenium.remote.RemoteWebDriver.<init>(RemoteWebDriver.java:117)
	at org.openqa.selenium.firefox.FirefoxDriver.<init>(FirefoxDriver.java:216)
	at org.openqa.selenium.firefox.FirefoxDriver.<init>(FirefoxDriver.java:211)
	at org.openqa.selenium.firefox.FirefoxDriver.<init>(FirefoxDriver.java:207)
	at org.openqa.selenium.firefox.FirefoxDriver.<init>(FirefoxDriver.java:120)
	at configuration.Configuration.openBrowser(Configuration.java:31)
Caused by: org.openqa.selenium.firefox.NotConnectedException: Unable to connect to host 127.0.0.1 on port 7055 after 45000 ms. Firefox console output:
:null,"updateKey":null,"optionsURL":null,"optionsType":null,"aboutURL":null,"icons":{"32":"icon.png","48":"icon.png"},"iconURL":null,"icon64URL":null,"defaultLocale":{"name":"Default","description":"The default theme.","creator":"Mozilla","homepageURL":null,"contributors":["Mozilla Contributors"]},"visible":true,"active":true,"userDisabled":false,"appDisabled":false,"descriptor":"C:\\Program Files (x86)\\Mozilla Firefox\\browser\\extensions\\{972ce4c6-7e08-4474-a285-3208198ce6fd}.xpi","installDate":1461279552000,"updateDate":1461279552000,"applyBackgroundUpdates":1,"skinnable":true,"size":22006,"sourceURI":null,"releaseNotesURI":null,"softDisabled":false,"foreignInstall":false,"hasBinaryComponents":false,"strictCompatibility":true,"locales":[],"targetApplications":[{"id":"{ec8030f7-c20a-464f-9b0e-13a3a9e97384}","minVersion":"46.0","maxVersion":"46.0"}],"targetPlatforms":[],"seen":true}
1490868094439	addons.xpi	DEBUG	getModTime: Recursive scan of {972ce4c6-7e08-4474-a285-3208198ce6fd}
1490868094440	DeferredSave.extensions.json	DEBUG	Save changes
1490868094440	addons.xpi	DEBUG	Updating database with changes to installed add-ons
1490868094440	addons.xpi-utils	DEBUG	Updating add-on states
1490868094441	addons.xpi-utils	DEBUG	Writing add-ons list
1490868094447	addons.xpi	DEBUG	Registering manifest for C:\Program Files (x86)\Mozilla Firefox\browser\features\e10srollout@mozilla.org.xpi
1490868094448	addons.xpi	DEBUG	Calling bootstrap method startup on e10srollout@mozilla.org version 1.0
1490868094448	addons.xpi	DEBUG	Registering manifest for C:\Program Files (x86)\Mozilla Firefox\browser\features\firefox@getpocket.com.xpi
1490868094449	addons.xpi	DEBUG	Calling bootstrap method startup on firefox@getpocket.com version 1.0
1490868094450	addons.xpi	DEBUG	Registering manifest for C:\Program Files (x86)\Mozilla Firefox\browser\features\loop@mozilla.org.xpi
1490868094451	addons.xpi	DEBUG	Calling bootstrap method startup on loop@mozilla.org version 1.2.6
1490868094475	addons.manager	DEBUG	Registering shutdown blocker for XPIProvider
1490868094475	addons.manager	DEBUG	Provider finished startup: XPIProvider
1490868094475	addons.manager	DEBUG	Starting provider: LightweightThemeManager
1490868094475	addons.manager	DEBUG	Registering shutdown blocker for LightweightThemeManager
1490868094476	addons.manager	DEBUG	Provider finished startup: LightweightThemeManager
1490868094476	addons.manager	DEBUG	Starting provider: GMPProvider
1490868094483	addons.manager	DEBUG	Registering shutdown blocker for GMPProvider
1490868094484	addons.manager	DEBUG	Provider finished startup: GMPProvider
1490868094484	addons.manager	DEBUG	Starting provider: PluginProvider
1490868094484	addons.manager	DEBUG	Registering shutdown blocker for PluginProvider
1490868094484	addons.manager	DEBUG	Provider finished startup: PluginProvider
1490868094485	addons.manager	DEBUG	Completed startup sequence
1490868099009	addons.manager	DEBUG	Starting provider: <unnamed-provider>
1490868099009	addons.manager	DEBUG	Registering shutdown blocker for <unnamed-provider>
1490868099010	addons.manager	DEBUG	Provider finished startup: <unnamed-provider>
1490868099676	DeferredSave.extensions.json	DEBUG	Write succeeded
1490868099676	addons.xpi-utils	DEBUG	XPI Database saved, setting schema version preference to 17
1490868099676	DeferredSave.extensions.json	DEBUG	Starting timer
1490868099697	DeferredSave.extensions.json	DEBUG	Starting write
1490868104099	addons.repository	DEBUG	No addons.json found.
1490868104100	DeferredSave.addons.json	DEBUG	Save changes
1490868104124	DeferredSave.addons.json	DEBUG	Starting timer
1490868104592	addons.manager	DEBUG	Starting provider: PreviousExperimentProvider
1490868104593	addons.manager	DEBUG	Registering shutdown blocker for PreviousExperimentProvider
1490868104593	addons.manager	DEBUG	Provider finished startup: PreviousExperimentProvider
1490868104628	DeferredSave.addons.json	DEBUG	Starting write
1490868104946	DeferredSave.extensions.json	DEBUG	Write succeeded
1490868104983	DeferredSave.addons.json	DEBUG	Write succeeded

	at org.openqa.selenium.firefox.internal.NewProfileExtensionConnection.start(NewProfileExtensionConnection.java:123)
	... 31 more
... Removed 24 stack frames]]>
    </failure>
  </testcase> <!-- @BeforeClass openBrowser -->
  <testcase name="@AfterClass closeBrowser" time="0.0" classname="requirement.CreatePlanDesign">
    <skipped/>
  </testcase> <!-- @AfterClass closeBrowser -->
  <testcase name="CreateCoveragePeriod" time="0.0" classname="requirement.CreatePlanDesign">
    <skipped/>
  </testcase> <!-- CreateCoveragePeriod -->
  <testcase name="CreatePlanDesignForCoveragePeriod" time="0.0" classname="requirement.CreatePlanDesign">
    <skipped/>
  </testcase> <!-- CreatePlanDesignForCoveragePeriod -->
</testsuite> <!-- Testfirefox -->
