<?xml version="1.0" encoding="UTF-8"?>
<!-- Generated by org.testng.reporters.JUnitXMLReporter -->
<testsuite hostname="Medweb-QSG" name="Default test" tests="7" failures="0" timestamp="12 Apr 2017 12:07:52 GMT" time="94.862" errors="0">
  <testcase name="createCoveragePeriod" time="14.12" classname="requirement.CreatePlanDesign"/>
  <testcase name="CreatePlanDesignForCoveragePeriod" time="21.87" classname="requirement.CreatePlanDesign"/>
  <testcase name="updateEnrollmentAndCreateQualified" time="40.5" classname="requirement.CreatePlanDesign"/>
  <testcase name="verifyPremiums" time="2.359" classname="requirement.CreatePlanDesign"/>
  <testcase name="verifyPremiums" time="2.469" classname="requirement.CreatePlanDesign"/>
  <testcase name="verifyPremiums" time="2.422" classname="requirement.CreatePlanDesign"/>
  <testcase name="verifyPremiums" time="2.342" classname="requirement.CreatePlanDesign"/>
</testsuite> <!-- Default test -->
