<?xml version="1.0" encoding="UTF-8"?>
<testng-results skipped="0" failed="0" total="1" passed="1">
  <reporter-output>
  </reporter-output>
  <suite name="requirement.Demo" duration-ms="28" started-at="2017-03-30T09:57:24Z" finished-at="2017-03-30T09:57:24Z">
    <groups>
      <group name="edge">
        <method signature="Demo.xsample3()[pri:0, instance:requirement.Demo@614c5515]" name="xsample3" class="requirement.Demo"/>
      </group> <!-- edge -->
    </groups>
    <test name="Command line test" duration-ms="28" started-at="2017-03-30T09:57:24Z" finished-at="2017-03-30T09:57:24Z">
      <class name="requirement.Demo">
        <test-method status="PASS" signature="xsample3()[pri:0, instance:requirement.Demo@614c5515]" name="xsample3" duration-ms="14" started-at="2017-03-30T15:27:24Z" description="this is the third method of this class" finished-at="2017-03-30T15:27:24Z">
          <reporter-output>
          </reporter-output>
        </test-method> <!-- xsample3 -->
      </class> <!-- requirement.Demo -->
    </test> <!-- Command line test -->
  </suite> <!-- requirement.Demo -->
</testng-results>
