<?xml version="1.0" encoding="UTF-8"?>
<testng-results skipped="0" failed="0" total="1" passed="1">
  <reporter-output>
  </reporter-output>
  <suite name="Default suite" duration-ms="46382" started-at="2017-03-27T03:43:04Z" finished-at="2017-03-27T03:43:50Z">
    <groups>
    </groups>
    <test name="Default test" duration-ms="46382" started-at="2017-03-27T03:43:04Z" finished-at="2017-03-27T03:43:50Z">
      <class name="requirement.CreatePlanDesign">
        <test-method status="PASS" signature="openBrowser()[pri:0, instance:requirement.CreatePlanDesign@75bd9247]" name="openBrowser" is-config="true" duration-ms="3881" started-at="2017-03-27T09:13:04Z" finished-at="2017-03-27T09:13:08Z">
          <reporter-output>
          </reporter-output>
        </test-method> <!-- openBrowser -->
        <test-method status="PASS" signature="CreateCoveragePeriod()[pri:0, instance:requirement.CreatePlanDesign@75bd9247]" name="CreateCoveragePeriod" duration-ms="42360" started-at="2017-03-27T09:13:08Z" finished-at="2017-03-27T09:13:50Z">
          <reporter-output>
          </reporter-output>
        </test-method> <!-- CreateCoveragePeriod -->
        <test-method status="PASS" signature="closeBrowser()[pri:0, instance:requirement.CreatePlanDesign@75bd9247]" name="closeBrowser" is-config="true" duration-ms="139" started-at="2017-03-27T09:13:50Z" finished-at="2017-03-27T09:13:50Z">
          <reporter-output>
          </reporter-output>
        </test-method> <!-- closeBrowser -->
      </class> <!-- requirement.CreatePlanDesign -->
    </test> <!-- Default test -->
  </suite> <!-- Default suite -->
</testng-results>
