<?xml version="1.0" encoding="UTF-8"?>
<testng-results skipped="0" failed="0" total="7" passed="7">
  <reporter-output>
  </reporter-output>
  <suite name="Default suite" duration-ms="94862" started-at="2017-04-12T12:06:17Z" finished-at="2017-04-12T12:07:52Z">
    <groups>
      <group name="HappyDay">
        <method signature="CreatePlanDesign.CreatePlanDesignForCoveragePeriod()[pri:0, instance:requirement.CreatePlanDesign@43a25848]" name="CreatePlanDesignForCoveragePeriod" class="requirement.CreatePlanDesign"/>
        <method signature="CreatePlanDesign.updateEnrollmentAndCreateQualified()[pri:0, instance:requirement.CreatePlanDesign@43a25848]" name="updateEnrollmentAndCreateQualified" class="requirement.CreatePlanDesign"/>
        <method signature="CreatePlanDesign.verifyPremiums(java.lang.String)[pri:0, instance:requirement.CreatePlanDesign@43a25848]" name="verifyPremiums" class="requirement.CreatePlanDesign"/>
      </group> <!-- HappyDay -->
    </groups>
    <test name="Default test" duration-ms="94862" started-at="2017-04-12T12:06:17Z" finished-at="2017-04-12T12:07:52Z">
      <class name="requirement.CreatePlanDesign">
        <test-method status="PASS" signature="openBrowser()[pri:0, instance:requirement.CreatePlanDesign@43a25848]" name="openBrowser" is-config="true" duration-ms="8263" started-at="2017-04-12T17:36:17Z" finished-at="2017-04-12T17:36:26Z">
          <reporter-output>
          </reporter-output>
        </test-method> <!-- openBrowser -->
        <test-method status="PASS" signature="createCoveragePeriod()[pri:0, instance:requirement.CreatePlanDesign@43a25848]" name="createCoveragePeriod" duration-ms="14120" started-at="2017-04-12T17:36:26Z" finished-at="2017-04-12T17:36:40Z">
          <reporter-output>
          </reporter-output>
        </test-method> <!-- createCoveragePeriod -->
        <test-method status="PASS" signature="CreatePlanDesignForCoveragePeriod()[pri:0, instance:requirement.CreatePlanDesign@43a25848]" name="CreatePlanDesignForCoveragePeriod" duration-ms="21870" started-at="2017-04-12T17:36:40Z" description="Verify if user can add Plan Design for a Coverage Period" depends-on-methods="requirement.CreatePlanDesign.createCoveragePeriod" finished-at="2017-04-12T17:37:02Z">
          <reporter-output>
          </reporter-output>
        </test-method> <!-- CreatePlanDesignForCoveragePeriod -->
        <test-method status="PASS" signature="updateEnrollmentAndCreateQualified()[pri:0, instance:requirement.CreatePlanDesign@43a25848]" name="updateEnrollmentAndCreateQualified" duration-ms="40500" started-at="2017-04-12T17:37:02Z" description="Update the enrollement and create qualified HDHP plan in it" depends-on-methods="requirement.CreatePlanDesign.CreatePlanDesignForCoveragePeriod" finished-at="2017-04-12T17:37:42Z">
          <reporter-output>
          </reporter-output>
        </test-method> <!-- updateEnrollmentAndCreateQualified -->
        <test-method status="PASS" signature="verifyPremiums(java.lang.String)[pri:0, instance:requirement.CreatePlanDesign@43a25848]" name="verifyPremiums" duration-ms="2359" started-at="2017-04-12T17:37:42Z" data-provider="premiumShares" depends-on-methods="requirement.CreatePlanDesign.updateEnrollmentAndCreateQualified" finished-at="2017-04-12T17:37:44Z">
          <params>
            <param index="0">
              <value>
                <![CDATA[Employee Only]]>
              </value>
            </param>
          </params>
          <reporter-output>
          </reporter-output>
        </test-method> <!-- verifyPremiums -->
        <test-method status="PASS" signature="verifyPremiums(java.lang.String)[pri:0, instance:requirement.CreatePlanDesign@43a25848]" name="verifyPremiums" duration-ms="2469" started-at="2017-04-12T17:37:44Z" data-provider="premiumShares" depends-on-methods="requirement.CreatePlanDesign.updateEnrollmentAndCreateQualified" finished-at="2017-04-12T17:37:47Z">
          <params>
            <param index="0">
              <value>
                <![CDATA[Employee + Spouse]]>
              </value>
            </param>
          </params>
          <reporter-output>
          </reporter-output>
        </test-method> <!-- verifyPremiums -->
        <test-method status="PASS" signature="verifyPremiums(java.lang.String)[pri:0, instance:requirement.CreatePlanDesign@43a25848]" name="verifyPremiums" duration-ms="2422" started-at="2017-04-12T17:37:47Z" data-provider="premiumShares" depends-on-methods="requirement.CreatePlanDesign.updateEnrollmentAndCreateQualified" finished-at="2017-04-12T17:37:49Z">
          <params>
            <param index="0">
              <value>
                <![CDATA[Employee + 1 CH]]>
              </value>
            </param>
          </params>
          <reporter-output>
          </reporter-output>
        </test-method> <!-- verifyPremiums -->
        <test-method status="PASS" signature="verifyPremiums(java.lang.String)[pri:0, instance:requirement.CreatePlanDesign@43a25848]" name="verifyPremiums" duration-ms="2342" started-at="2017-04-12T17:37:49Z" data-provider="premiumShares" depends-on-methods="requirement.CreatePlanDesign.updateEnrollmentAndCreateQualified" finished-at="2017-04-12T17:37:52Z">
          <params>
            <param index="0">
              <value>
                <![CDATA[Family]]>
              </value>
            </param>
          </params>
          <reporter-output>
          </reporter-output>
        </test-method> <!-- verifyPremiums -->
        <test-method status="PASS" signature="closeBrowser()[pri:0, instance:requirement.CreatePlanDesign@43a25848]" name="closeBrowser" is-config="true" duration-ms="474" started-at="2017-04-12T17:37:52Z" finished-at="2017-04-12T17:37:52Z">
          <reporter-output>
          </reporter-output>
        </test-method> <!-- closeBrowser -->
      </class> <!-- requirement.CreatePlanDesign -->
    </test> <!-- Default test -->
  </suite> <!-- Default suite -->
</testng-results>
